The target system is: Linux -  - arm
The host system is: Linux - 4.19.0-13-amd64 - x86_64
Compiling the C compiler identification source file "CMakeCCompilerId.c" succeeded.
Compiler: /usr/bin//arm-linux-gnueabihf-gcc 
Build flags: ;-O0;-mcpu=cortex-a8;;-march=armv7-a;-marm;-mfloat-abi=hard;-mfpu=neon;-mlong-calls;-fdata-sections;-funsigned-char;-ffunction-sections;-Wall;-Dgcc;-Dam335x;-Dbeaglebone;-DSUPPORT_UNALIGNED;-DUARTCONSOLE;-g3;-gdwarf-3;-gstrict-dwarf;-Wall;-Wno-unused-value
Id flags:  

The output was:
0
cc1: warning: switch -mcpu=cortex-a8 conflicts with -march=armv7-a switch


Compilation of the C compiler identification source "CMakeCCompilerId.c" produced "a.out"

The C compiler identification is GNU, found in "/home/frank/eclipse-workspace/FreeRTOS_BBB/mybuild/CMakeFiles/3.13.4/CompilerIdC/a.out"

Checking whether the ASM compiler is GNU using "--version" matched "(GNU assembler)|(GCC)|(Free Software Foundation)":
arm-linux-gnueabihf-gcc (Debian 8.3.0-2) 8.3.0
Copyright (C) 2018 Free Software Foundation, Inc.
This is free software; see the source for copying conditions.  There is NO
warranty; not even for MERCHANTABILITY or FITNESS FOR A PARTICULAR PURPOSE.

Determining if the C compiler works passed with the following output:
Change Dir: /home/frank/eclipse-workspace/FreeRTOS_BBB/mybuild/CMakeFiles/CMakeTmp

Run Build Command:"/usr/bin/make" "cmTC_ffcf9/fast"
/usr/bin/make -f CMakeFiles/cmTC_ffcf9.dir/build.make CMakeFiles/cmTC_ffcf9.dir/build
make[1]: Entering directory '/home/frank/eclipse-workspace/FreeRTOS_BBB/mybuild/CMakeFiles/CMakeTmp'
Building C object CMakeFiles/cmTC_ffcf9.dir/testCCompiler.c.o
/usr/bin//arm-linux-gnueabihf-gcc   -O0 -mcpu=cortex-a8  -march=armv7-a -marm -mfloat-abi=hard -mfpu=neon -mlong-calls -fdata-sections -funsigned-char -ffunction-sections -Wall -Dgcc -Dam335x -Dbeaglebone -DSUPPORT_UNALIGNED -DUARTCONSOLE -g3 -gdwarf-3 -gstrict-dwarf -Wall -Wno-unused-value    -o CMakeFiles/cmTC_ffcf9.dir/testCCompiler.c.o   -c /home/frank/eclipse-workspace/FreeRTOS_BBB/mybuild/CMakeFiles/CMakeTmp/testCCompiler.c
cc1: warning: switch -mcpu=cortex-a8 conflicts with -march=armv7-a switch
Linking C executable cmTC_ffcf9
/usr/bin/cmake -E cmake_link_script CMakeFiles/cmTC_ffcf9.dir/link.txt --verbose=1
/usr/bin//arm-linux-gnueabihf-gcc  -O0 -mcpu=cortex-a8  -march=armv7-a -marm -mfloat-abi=hard -mfpu=neon -mlong-calls -fdata-sections -funsigned-char -ffunction-sections -Wall -Dgcc -Dam335x -Dbeaglebone -DSUPPORT_UNALIGNED -DUARTCONSOLE -g3 -gdwarf-3 -gstrict-dwarf -Wall -Wno-unused-value    -Wl,-Map,".map" -Wl,--print-output-format  CMakeFiles/cmTC_ffcf9.dir/testCCompiler.c.o  -o cmTC_ffcf9 
elf32-littlearm
make[1]: Leaving directory '/home/frank/eclipse-workspace/FreeRTOS_BBB/mybuild/CMakeFiles/CMakeTmp'


Detecting C compiler ABI info compiled with the following output:
Change Dir: /home/frank/eclipse-workspace/FreeRTOS_BBB/mybuild/CMakeFiles/CMakeTmp

Run Build Command:"/usr/bin/make" "cmTC_7dd2c/fast"
/usr/bin/make -f CMakeFiles/cmTC_7dd2c.dir/build.make CMakeFiles/cmTC_7dd2c.dir/build
make[1]: Entering directory '/home/frank/eclipse-workspace/FreeRTOS_BBB/mybuild/CMakeFiles/CMakeTmp'
Building C object CMakeFiles/cmTC_7dd2c.dir/CMakeCCompilerABI.c.o
/usr/bin//arm-linux-gnueabihf-gcc   -O0 -mcpu=cortex-a8  -march=armv7-a -marm -mfloat-abi=hard -mfpu=neon -mlong-calls -fdata-sections -funsigned-char -ffunction-sections -Wall -Dgcc -Dam335x -Dbeaglebone -DSUPPORT_UNALIGNED -DUARTCONSOLE -g3 -gdwarf-3 -gstrict-dwarf -Wall -Wno-unused-value    -o CMakeFiles/cmTC_7dd2c.dir/CMakeCCompilerABI.c.o   -c /usr/share/cmake-3.13/Modules/CMakeCCompilerABI.c
cc1: warning: switch -mcpu=cortex-a8 conflicts with -march=armv7-a switch
Linking C executable cmTC_7dd2c
/usr/bin/cmake -E cmake_link_script CMakeFiles/cmTC_7dd2c.dir/link.txt --verbose=1
/usr/bin//arm-linux-gnueabihf-gcc  -O0 -mcpu=cortex-a8  -march=armv7-a -marm -mfloat-abi=hard -mfpu=neon -mlong-calls -fdata-sections -funsigned-char -ffunction-sections -Wall -Dgcc -Dam335x -Dbeaglebone -DSUPPORT_UNALIGNED -DUARTCONSOLE -g3 -gdwarf-3 -gstrict-dwarf -Wall -Wno-unused-value    -Wl,-Map,".map" -Wl,--print-output-format -v CMakeFiles/cmTC_7dd2c.dir/CMakeCCompilerABI.c.o  -o cmTC_7dd2c 
Using built-in specs.
COLLECT_GCC=/usr/bin//arm-linux-gnueabihf-gcc
COLLECT_LTO_WRAPPER=/usr/lib/gcc-cross/arm-linux-gnueabihf/8/lto-wrapper
Target: arm-linux-gnueabihf
Configured with: ../src/configure -v --with-pkgversion='Debian 8.3.0-2' --with-bugurl=file:///usr/share/doc/gcc-8/README.Bugs --enable-languages=c,ada,c++,go,d,fortran,objc,obj-c++ --prefix=/usr --with-gcc-major-version-only --program-suffix=-8 --enable-shared --enable-linker-build-id --libexecdir=/usr/lib --without-included-gettext --enable-threads=posix --libdir=/usr/lib --enable-nls --with-sysroot=/ --enable-clocale=gnu --enable-libstdcxx-debug --enable-libstdcxx-time=yes --with-default-libstdcxx-abi=new --enable-gnu-unique-object --disable-libitm --disable-libquadmath --disable-libquadmath-support --enable-plugin --enable-default-pie --with-system-zlib --with-target-system-zlib --enable-multiarch --disable-sjlj-exceptions --with-arch=armv7-a --with-fpu=vfpv3-d16 --with-float=hard --with-mode=thumb --disable-werror --enable-checking=release --build=x86_64-linux-gnu --host=x86_64-linux-gnu --target=arm-linux-gnueabihf --program-prefix=arm-linux-gnueabihf- --includedir=/usr/arm-linux-gnueabihf/include
Thread model: posix
gcc version 8.3.0 (Debian 8.3.0-2) 
COMPILER_PATH=/usr/lib/gcc-cross/arm-linux-gnueabihf/8/:/usr/lib/gcc-cross/arm-linux-gnueabihf/8/:/usr/lib/gcc-cross/arm-linux-gnueabihf/:/usr/lib/gcc-cross/arm-linux-gnueabihf/8/:/usr/lib/gcc-cross/arm-linux-gnueabihf/:/usr/lib/gcc-cross/arm-linux-gnueabihf/8/../../../../arm-linux-gnueabihf/bin/
LIBRARY_PATH=/usr/lib/gcc-cross/arm-linux-gnueabihf/8/:/usr/lib/gcc-cross/arm-linux-gnueabihf/8/../../../../arm-linux-gnueabihf/lib/:/lib/arm-linux-gnueabihf/:/lib/:/usr/lib/arm-linux-gnueabihf/:/usr/lib/
COLLECT_GCC_OPTIONS='-O0' '-mcpu=cortex-a8'  '-marm' '-mfloat-abi=hard' '-mfpu=neon' '-mlong-calls' '-fdata-sections' '-funsigned-char' '-ffunction-sections' '-D' 'gcc' '-D' 'am335x' '-D' 'beaglebone' '-D' 'SUPPORT_UNALIGNED' '-D' 'UARTCONSOLE' '-g3' '-gdwarf-3' '-gstrict-dwarf' '-Wall' '-Wno-unused-value' '-v' '-o' 'cmTC_7dd2c' '-mtls-dialect=gnu' '-march=armv7-a+simd'
 /usr/lib/gcc-cross/arm-linux-gnueabihf/8/collect2 -plugin /usr/lib/gcc-cross/arm-linux-gnueabihf/8/liblto_plugin.so -plugin-opt=/usr/lib/gcc-cross/arm-linux-gnueabihf/8/lto-wrapper -plugin-opt=-fresolution=/tmp/cc71GZsZ.res -plugin-opt=-pass-through=-lgcc -plugin-opt=-pass-through=-lgcc_s -plugin-opt=-pass-through=-lc -plugin-opt=-pass-through=-lgcc -plugin-opt=-pass-through=-lgcc_s --sysroot=/ --build-id --eh-frame-hdr -dynamic-linker /lib/ld-linux-armhf.so.3 -X --hash-style=gnu -m armelf_linux_eabi -pie -o cmTC_7dd2c /usr/lib/gcc-cross/arm-linux-gnueabihf/8/../../../../arm-linux-gnueabihf/lib/Scrt1.o /usr/lib/gcc-cross/arm-linux-gnueabihf/8/../../../../arm-linux-gnueabihf/lib/crti.o /usr/lib/gcc-cross/arm-linux-gnueabihf/8/crtbeginS.o -L/usr/lib/gcc-cross/arm-linux-gnueabihf/8 -L/usr/lib/gcc-cross/arm-linux-gnueabihf/8/../../../../arm-linux-gnueabihf/lib -L/lib/arm-linux-gnueabihf -L/usr/lib/arm-linux-gnueabihf -Map .map --print-output-format CMakeFiles/cmTC_7dd2c.dir/CMakeCCompilerABI.c.o -lgcc --push-state --as-needed -lgcc_s --pop-state -lc -lgcc --push-state --as-needed -lgcc_s --pop-state /usr/lib/gcc-cross/arm-linux-gnueabihf/8/crtendS.o /usr/lib/gcc-cross/arm-linux-gnueabihf/8/../../../../arm-linux-gnueabihf/lib/crtn.o
elf32-littlearm
COLLECT_GCC_OPTIONS='-O0' '-mcpu=cortex-a8'  '-marm' '-mfloat-abi=hard' '-mfpu=neon' '-mlong-calls' '-fdata-sections' '-funsigned-char' '-ffunction-sections' '-D' 'gcc' '-D' 'am335x' '-D' 'beaglebone' '-D' 'SUPPORT_UNALIGNED' '-D' 'UARTCONSOLE' '-g3' '-gdwarf-3' '-gstrict-dwarf' '-Wall' '-Wno-unused-value' '-v' '-o' 'cmTC_7dd2c' '-mtls-dialect=gnu' '-march=armv7-a+simd'
make[1]: Leaving directory '/home/frank/eclipse-workspace/FreeRTOS_BBB/mybuild/CMakeFiles/CMakeTmp'


Parsed C implicit link information from above output:
  link line regex: [^( *|.*[/\])(arm-linux-gnueabihf-ld|CMAKE_LINK_STARTFILE-NOTFOUND|([^/\]+-)?ld|collect2)[^/\]*( |$)]
  ignore line: [Change Dir: /home/frank/eclipse-workspace/FreeRTOS_BBB/mybuild/CMakeFiles/CMakeTmp]
  ignore line: []
  ignore line: [Run Build Command:"/usr/bin/make" "cmTC_7dd2c/fast"]
  ignore line: [/usr/bin/make -f CMakeFiles/cmTC_7dd2c.dir/build.make CMakeFiles/cmTC_7dd2c.dir/build]
  ignore line: [make[1]: Entering directory '/home/frank/eclipse-workspace/FreeRTOS_BBB/mybuild/CMakeFiles/CMakeTmp']
  ignore line: [Building C object CMakeFiles/cmTC_7dd2c.dir/CMakeCCompilerABI.c.o]
  ignore line: [/usr/bin//arm-linux-gnueabihf-gcc   -O0 -mcpu=cortex-a8  -march=armv7-a -marm -mfloat-abi=hard -mfpu=neon -mlong-calls -fdata-sections -funsigned-char -ffunction-sections -Wall -Dgcc -Dam335x -Dbeaglebone -DSUPPORT_UNALIGNED -DUARTCONSOLE -g3 -gdwarf-3 -gstrict-dwarf -Wall -Wno-unused-value    -o CMakeFiles/cmTC_7dd2c.dir/CMakeCCompilerABI.c.o   -c /usr/share/cmake-3.13/Modules/CMakeCCompilerABI.c]
  ignore line: [cc1: warning: switch -mcpu=cortex-a8 conflicts with -march=armv7-a switch]
  ignore line: [Linking C executable cmTC_7dd2c]
  ignore line: [/usr/bin/cmake -E cmake_link_script CMakeFiles/cmTC_7dd2c.dir/link.txt --verbose=1]
  ignore line: [/usr/bin//arm-linux-gnueabihf-gcc  -O0 -mcpu=cortex-a8  -march=armv7-a -marm -mfloat-abi=hard -mfpu=neon -mlong-calls -fdata-sections -funsigned-char -ffunction-sections -Wall -Dgcc -Dam335x -Dbeaglebone -DSUPPORT_UNALIGNED -DUARTCONSOLE -g3 -gdwarf-3 -gstrict-dwarf -Wall -Wno-unused-value    -Wl,-Map,".map" -Wl,--print-output-format -v CMakeFiles/cmTC_7dd2c.dir/CMakeCCompilerABI.c.o  -o cmTC_7dd2c ]
  ignore line: [Using built-in specs.]
  ignore line: [COLLECT_GCC=/usr/bin//arm-linux-gnueabihf-gcc]
  ignore line: [COLLECT_LTO_WRAPPER=/usr/lib/gcc-cross/arm-linux-gnueabihf/8/lto-wrapper]
  ignore line: [Target: arm-linux-gnueabihf]
  ignore line: [Configured with: ../src/configure -v --with-pkgversion='Debian 8.3.0-2' --with-bugurl=file:///usr/share/doc/gcc-8/README.Bugs --enable-languages=c,ada,c++,go,d,fortran,objc,obj-c++ --prefix=/usr --with-gcc-major-version-only --program-suffix=-8 --enable-shared --enable-linker-build-id --libexecdir=/usr/lib --without-included-gettext --enable-threads=posix --libdir=/usr/lib --enable-nls --with-sysroot=/ --enable-clocale=gnu --enable-libstdcxx-debug --enable-libstdcxx-time=yes --with-default-libstdcxx-abi=new --enable-gnu-unique-object --disable-libitm --disable-libquadmath --disable-libquadmath-support --enable-plugin --enable-default-pie --with-system-zlib --with-target-system-zlib --enable-multiarch --disable-sjlj-exceptions --with-arch=armv7-a --with-fpu=vfpv3-d16 --with-float=hard --with-mode=thumb --disable-werror --enable-checking=release --build=x86_64-linux-gnu --host=x86_64-linux-gnu --target=arm-linux-gnueabihf --program-prefix=arm-linux-gnueabihf- --includedir=/usr/arm-linux-gnueabihf/include]
  ignore line: [Thread model: posix]
  ignore line: [gcc version 8.3.0 (Debian 8.3.0-2) ]
  ignore line: [COMPILER_PATH=/usr/lib/gcc-cross/arm-linux-gnueabihf/8/:/usr/lib/gcc-cross/arm-linux-gnueabihf/8/:/usr/lib/gcc-cross/arm-linux-gnueabihf/:/usr/lib/gcc-cross/arm-linux-gnueabihf/8/:/usr/lib/gcc-cross/arm-linux-gnueabihf/:/usr/lib/gcc-cross/arm-linux-gnueabihf/8/../../../../arm-linux-gnueabihf/bin/]
  ignore line: [LIBRARY_PATH=/usr/lib/gcc-cross/arm-linux-gnueabihf/8/:/usr/lib/gcc-cross/arm-linux-gnueabihf/8/../../../../arm-linux-gnueabihf/lib/:/lib/arm-linux-gnueabihf/:/lib/:/usr/lib/arm-linux-gnueabihf/:/usr/lib/]
  ignore line: [COLLECT_GCC_OPTIONS='-O0' '-mcpu=cortex-a8'  '-marm' '-mfloat-abi=hard' '-mfpu=neon' '-mlong-calls' '-fdata-sections' '-funsigned-char' '-ffunction-sections' '-D' 'gcc' '-D' 'am335x' '-D' 'beaglebone' '-D' 'SUPPORT_UNALIGNED' '-D' 'UARTCONSOLE' '-g3' '-gdwarf-3' '-gstrict-dwarf' '-Wall' '-Wno-unused-value' '-v' '-o' 'cmTC_7dd2c' '-mtls-dialect=gnu' '-march=armv7-a+simd']
  link line: [ /usr/lib/gcc-cross/arm-linux-gnueabihf/8/collect2 -plugin /usr/lib/gcc-cross/arm-linux-gnueabihf/8/liblto_plugin.so -plugin-opt=/usr/lib/gcc-cross/arm-linux-gnueabihf/8/lto-wrapper -plugin-opt=-fresolution=/tmp/cc71GZsZ.res -plugin-opt=-pass-through=-lgcc -plugin-opt=-pass-through=-lgcc_s -plugin-opt=-pass-through=-lc -plugin-opt=-pass-through=-lgcc -plugin-opt=-pass-through=-lgcc_s --sysroot=/ --build-id --eh-frame-hdr -dynamic-linker /lib/ld-linux-armhf.so.3 -X --hash-style=gnu -m armelf_linux_eabi -pie -o cmTC_7dd2c /usr/lib/gcc-cross/arm-linux-gnueabihf/8/../../../../arm-linux-gnueabihf/lib/Scrt1.o /usr/lib/gcc-cross/arm-linux-gnueabihf/8/../../../../arm-linux-gnueabihf/lib/crti.o /usr/lib/gcc-cross/arm-linux-gnueabihf/8/crtbeginS.o -L/usr/lib/gcc-cross/arm-linux-gnueabihf/8 -L/usr/lib/gcc-cross/arm-linux-gnueabihf/8/../../../../arm-linux-gnueabihf/lib -L/lib/arm-linux-gnueabihf -L/usr/lib/arm-linux-gnueabihf -Map .map --print-output-format CMakeFiles/cmTC_7dd2c.dir/CMakeCCompilerABI.c.o -lgcc --push-state --as-needed -lgcc_s --pop-state -lc -lgcc --push-state --as-needed -lgcc_s --pop-state /usr/lib/gcc-cross/arm-linux-gnueabihf/8/crtendS.o /usr/lib/gcc-cross/arm-linux-gnueabihf/8/../../../../arm-linux-gnueabihf/lib/crtn.o]
    arg [/usr/lib/gcc-cross/arm-linux-gnueabihf/8/collect2] ==> ignore
    arg [-plugin] ==> ignore
    arg [/usr/lib/gcc-cross/arm-linux-gnueabihf/8/liblto_plugin.so] ==> ignore
    arg [-plugin-opt=/usr/lib/gcc-cross/arm-linux-gnueabihf/8/lto-wrapper] ==> ignore
    arg [-plugin-opt=-fresolution=/tmp/cc71GZsZ.res] ==> ignore
    arg [-plugin-opt=-pass-through=-lgcc] ==> ignore
    arg [-plugin-opt=-pass-through=-lgcc_s] ==> ignore
    arg [-plugin-opt=-pass-through=-lc] ==> ignore
    arg [-plugin-opt=-pass-through=-lgcc] ==> ignore
    arg [-plugin-opt=-pass-through=-lgcc_s] ==> ignore
    arg [--sysroot=/] ==> ignore
    arg [--build-id] ==> ignore
    arg [--eh-frame-hdr] ==> ignore
    arg [-dynamic-linker] ==> ignore
    arg [/lib/ld-linux-armhf.so.3] ==> ignore
    arg [-X] ==> ignore
    arg [--hash-style=gnu] ==> ignore
    arg [-m] ==> ignore
    arg [armelf_linux_eabi] ==> ignore
    arg [-pie] ==> ignore
    arg [-o] ==> ignore
    arg [cmTC_7dd2c] ==> ignore
    arg [/usr/lib/gcc-cross/arm-linux-gnueabihf/8/../../../../arm-linux-gnueabihf/lib/Scrt1.o] ==> ignore
    arg [/usr/lib/gcc-cross/arm-linux-gnueabihf/8/../../../../arm-linux-gnueabihf/lib/crti.o] ==> ignore
    arg [/usr/lib/gcc-cross/arm-linux-gnueabihf/8/crtbeginS.o] ==> ignore
    arg [-L/usr/lib/gcc-cross/arm-linux-gnueabihf/8] ==> dir [/usr/lib/gcc-cross/arm-linux-gnueabihf/8]
    arg [-L/usr/lib/gcc-cross/arm-linux-gnueabihf/8/../../../../arm-linux-gnueabihf/lib] ==> dir [/usr/lib/gcc-cross/arm-linux-gnueabihf/8/../../../../arm-linux-gnueabihf/lib]
    arg [-L/lib/arm-linux-gnueabihf] ==> dir [/lib/arm-linux-gnueabihf]
    arg [-L/usr/lib/arm-linux-gnueabihf] ==> dir [/usr/lib/arm-linux-gnueabihf]
    arg [-Map] ==> ignore
    arg [.map] ==> ignore
    arg [--print-output-format] ==> ignore
    arg [CMakeFiles/cmTC_7dd2c.dir/CMakeCCompilerABI.c.o] ==> ignore
    arg [-lgcc] ==> lib [gcc]
    arg [--push-state] ==> ignore
    arg [--as-needed] ==> ignore
    arg [-lgcc_s] ==> lib [gcc_s]
    arg [--pop-state] ==> ignore
    arg [-lc] ==> lib [c]
    arg [-lgcc] ==> lib [gcc]
    arg [--push-state] ==> ignore
    arg [--as-needed] ==> ignore
    arg [-lgcc_s] ==> lib [gcc_s]
    arg [--pop-state] ==> ignore
    arg [/usr/lib/gcc-cross/arm-linux-gnueabihf/8/crtendS.o] ==> ignore
    arg [/usr/lib/gcc-cross/arm-linux-gnueabihf/8/../../../../arm-linux-gnueabihf/lib/crtn.o] ==> ignore
  collapse library dir [/usr/lib/gcc-cross/arm-linux-gnueabihf/8] ==> [/usr/lib/gcc-cross/arm-linux-gnueabihf/8]
  collapse library dir [/usr/lib/gcc-cross/arm-linux-gnueabihf/8/../../../../arm-linux-gnueabihf/lib] ==> [/usr/arm-linux-gnueabihf/lib]
  collapse library dir [/lib/arm-linux-gnueabihf] ==> [/lib/arm-linux-gnueabihf]
  collapse library dir [/usr/lib/arm-linux-gnueabihf] ==> [/usr/lib/arm-linux-gnueabihf]
  implicit libs: [gcc;gcc_s;c;gcc;gcc_s]
  implicit dirs: [/usr/lib/gcc-cross/arm-linux-gnueabihf/8;/usr/arm-linux-gnueabihf/lib;/lib/arm-linux-gnueabihf;/usr/lib/arm-linux-gnueabihf]
  implicit fwks: []




Detecting C [-std=c11] compiler features compiled with the following output:
Change Dir: /home/frank/eclipse-workspace/FreeRTOS_BBB/mybuild/CMakeFiles/CMakeTmp

Run Build Command:"/usr/bin/make" "cmTC_652e8/fast"
/usr/bin/make -f CMakeFiles/cmTC_652e8.dir/build.make CMakeFiles/cmTC_652e8.dir/build
make[1]: Entering directory '/home/frank/eclipse-workspace/FreeRTOS_BBB/mybuild/CMakeFiles/CMakeTmp'
Building C object CMakeFiles/cmTC_652e8.dir/feature_tests.c.o
/usr/bin//arm-linux-gnueabihf-gcc   -O0 -mcpu=cortex-a8  -march=armv7-a -marm -mfloat-abi=hard -mfpu=neon -mlong-calls -fdata-sections -funsigned-char -ffunction-sections -Wall -Dgcc -Dam335x -Dbeaglebone -DSUPPORT_UNALIGNED -DUARTCONSOLE -g3 -gdwarf-3 -gstrict-dwarf -Wall -Wno-unused-value    -std=c11 -o CMakeFiles/cmTC_652e8.dir/feature_tests.c.o   -c /home/frank/eclipse-workspace/FreeRTOS_BBB/mybuild/CMakeFiles/feature_tests.c
cc1: warning: switch -mcpu=cortex-a8 conflicts with -march=armv7-a switch
Linking C executable cmTC_652e8
/usr/bin/cmake -E cmake_link_script CMakeFiles/cmTC_652e8.dir/link.txt --verbose=1
/usr/bin//arm-linux-gnueabihf-gcc  -O0 -mcpu=cortex-a8  -march=armv7-a -marm -mfloat-abi=hard -mfpu=neon -mlong-calls -fdata-sections -funsigned-char -ffunction-sections -Wall -Dgcc -Dam335x -Dbeaglebone -DSUPPORT_UNALIGNED -DUARTCONSOLE -g3 -gdwarf-3 -gstrict-dwarf -Wall -Wno-unused-value    -Wl,-Map,".map" -Wl,--print-output-format  CMakeFiles/cmTC_652e8.dir/feature_tests.c.o  -o cmTC_652e8 
elf32-littlearm
make[1]: Leaving directory '/home/frank/eclipse-workspace/FreeRTOS_BBB/mybuild/CMakeFiles/CMakeTmp'


    Feature record: C_FEATURE:1c_function_prototypes
    Feature record: C_FEATURE:1c_restrict
    Feature record: C_FEATURE:1c_static_assert
    Feature record: C_FEATURE:1c_variadic_macros


Detecting C [-std=c99] compiler features compiled with the following output:
Change Dir: /home/frank/eclipse-workspace/FreeRTOS_BBB/mybuild/CMakeFiles/CMakeTmp

Run Build Command:"/usr/bin/make" "cmTC_ba783/fast"
/usr/bin/make -f CMakeFiles/cmTC_ba783.dir/build.make CMakeFiles/cmTC_ba783.dir/build
make[1]: Entering directory '/home/frank/eclipse-workspace/FreeRTOS_BBB/mybuild/CMakeFiles/CMakeTmp'
Building C object CMakeFiles/cmTC_ba783.dir/feature_tests.c.o
/usr/bin//arm-linux-gnueabihf-gcc   -O0 -mcpu=cortex-a8  -march=armv7-a -marm -mfloat-abi=hard -mfpu=neon -mlong-calls -fdata-sections -funsigned-char -ffunction-sections -Wall -Dgcc -Dam335x -Dbeaglebone -DSUPPORT_UNALIGNED -DUARTCONSOLE -g3 -gdwarf-3 -gstrict-dwarf -Wall -Wno-unused-value    -std=c99 -o CMakeFiles/cmTC_ba783.dir/feature_tests.c.o   -c /home/frank/eclipse-workspace/FreeRTOS_BBB/mybuild/CMakeFiles/feature_tests.c
cc1: warning: switch -mcpu=cortex-a8 conflicts with -march=armv7-a switch
Linking C executable cmTC_ba783
/usr/bin/cmake -E cmake_link_script CMakeFiles/cmTC_ba783.dir/link.txt --verbose=1
/usr/bin//arm-linux-gnueabihf-gcc  -O0 -mcpu=cortex-a8  -march=armv7-a -marm -mfloat-abi=hard -mfpu=neon -mlong-calls -fdata-sections -funsigned-char -ffunction-sections -Wall -Dgcc -Dam335x -Dbeaglebone -DSUPPORT_UNALIGNED -DUARTCONSOLE -g3 -gdwarf-3 -gstrict-dwarf -Wall -Wno-unused-value    -Wl,-Map,".map" -Wl,--print-output-format  CMakeFiles/cmTC_ba783.dir/feature_tests.c.o  -o cmTC_ba783 
elf32-littlearm
make[1]: Leaving directory '/home/frank/eclipse-workspace/FreeRTOS_BBB/mybuild/CMakeFiles/CMakeTmp'


    Feature record: C_FEATURE:1c_function_prototypes
    Feature record: C_FEATURE:1c_restrict
    Feature record: C_FEATURE:0c_static_assert
    Feature record: C_FEATURE:1c_variadic_macros


Detecting C [-std=c90] compiler features compiled with the following output:
Change Dir: /home/frank/eclipse-workspace/FreeRTOS_BBB/mybuild/CMakeFiles/CMakeTmp

Run Build Command:"/usr/bin/make" "cmTC_5c948/fast"
/usr/bin/make -f CMakeFiles/cmTC_5c948.dir/build.make CMakeFiles/cmTC_5c948.dir/build
make[1]: Entering directory '/home/frank/eclipse-workspace/FreeRTOS_BBB/mybuild/CMakeFiles/CMakeTmp'
Building C object CMakeFiles/cmTC_5c948.dir/feature_tests.c.o
/usr/bin//arm-linux-gnueabihf-gcc   -O0 -mcpu=cortex-a8  -march=armv7-a -marm -mfloat-abi=hard -mfpu=neon -mlong-calls -fdata-sections -funsigned-char -ffunction-sections -Wall -Dgcc -Dam335x -Dbeaglebone -DSUPPORT_UNALIGNED -DUARTCONSOLE -g3 -gdwarf-3 -gstrict-dwarf -Wall -Wno-unused-value    -std=c90 -o CMakeFiles/cmTC_5c948.dir/feature_tests.c.o   -c /home/frank/eclipse-workspace/FreeRTOS_BBB/mybuild/CMakeFiles/feature_tests.c
cc1: warning: switch -mcpu=cortex-a8 conflicts with -march=armv7-a switch
Linking C executable cmTC_5c948
/usr/bin/cmake -E cmake_link_script CMakeFiles/cmTC_5c948.dir/link.txt --verbose=1
/usr/bin//arm-linux-gnueabihf-gcc  -O0 -mcpu=cortex-a8  -march=armv7-a -marm -mfloat-abi=hard -mfpu=neon -mlong-calls -fdata-sections -funsigned-char -ffunction-sections -Wall -Dgcc -Dam335x -Dbeaglebone -DSUPPORT_UNALIGNED -DUARTCONSOLE -g3 -gdwarf-3 -gstrict-dwarf -Wall -Wno-unused-value    -Wl,-Map,".map" -Wl,--print-output-format  CMakeFiles/cmTC_5c948.dir/feature_tests.c.o  -o cmTC_5c948 
elf32-littlearm
make[1]: Leaving directory '/home/frank/eclipse-workspace/FreeRTOS_BBB/mybuild/CMakeFiles/CMakeTmp'


    Feature record: C_FEATURE:1c_function_prototypes
    Feature record: C_FEATURE:0c_restrict
    Feature record: C_FEATURE:0c_static_assert
    Feature record: C_FEATURE:0c_variadic_macros
Compiling the CXX compiler identification source file "CMakeCXXCompilerId.cpp" succeeded.
Compiler: /usr/bin//arm-linux-gnueabihf-g++ 
Build flags: 
Id flags:  

The output was:
0


Compilation of the CXX compiler identification source "CMakeCXXCompilerId.cpp" produced "a.out"

The CXX compiler identification is GNU, found in "/home/frank/eclipse-workspace/FreeRTOS_BBB/mybuild/CMakeFiles/3.13.4/CompilerIdCXX/a.out"

Determining if the CXX compiler works passed with the following output:
Change Dir: /home/frank/eclipse-workspace/FreeRTOS_BBB/mybuild/CMakeFiles/CMakeTmp

Run Build Command:"/usr/bin/make" "cmTC_16171/fast"
/usr/bin/make -f CMakeFiles/cmTC_16171.dir/build.make CMakeFiles/cmTC_16171.dir/build
make[1]: Entering directory '/home/frank/eclipse-workspace/FreeRTOS_BBB/mybuild/CMakeFiles/CMakeTmp'
Building CXX object CMakeFiles/cmTC_16171.dir/testCXXCompiler.cxx.o
/usr/bin//arm-linux-gnueabihf-g++     -o CMakeFiles/cmTC_16171.dir/testCXXCompiler.cxx.o -c /home/frank/eclipse-workspace/FreeRTOS_BBB/mybuild/CMakeFiles/CMakeTmp/testCXXCompiler.cxx
Linking CXX executable cmTC_16171
/usr/bin/cmake -E cmake_link_script CMakeFiles/cmTC_16171.dir/link.txt --verbose=1
/usr/bin//arm-linux-gnueabihf-g++      -Wl,-Map,".map" -Wl,--print-output-format  CMakeFiles/cmTC_16171.dir/testCXXCompiler.cxx.o  -o cmTC_16171 
elf32-littlearm
make[1]: Leaving directory '/home/frank/eclipse-workspace/FreeRTOS_BBB/mybuild/CMakeFiles/CMakeTmp'


Detecting CXX compiler ABI info compiled with the following output:
Change Dir: /home/frank/eclipse-workspace/FreeRTOS_BBB/mybuild/CMakeFiles/CMakeTmp

Run Build Command:"/usr/bin/make" "cmTC_8baec/fast"
/usr/bin/make -f CMakeFiles/cmTC_8baec.dir/build.make CMakeFiles/cmTC_8baec.dir/build
make[1]: Entering directory '/home/frank/eclipse-workspace/FreeRTOS_BBB/mybuild/CMakeFiles/CMakeTmp'
Building CXX object CMakeFiles/cmTC_8baec.dir/CMakeCXXCompilerABI.cpp.o
/usr/bin//arm-linux-gnueabihf-g++     -o CMakeFiles/cmTC_8baec.dir/CMakeCXXCompilerABI.cpp.o -c /usr/share/cmake-3.13/Modules/CMakeCXXCompilerABI.cpp
Linking CXX executable cmTC_8baec
/usr/bin/cmake -E cmake_link_script CMakeFiles/cmTC_8baec.dir/link.txt --verbose=1
/usr/bin//arm-linux-gnueabihf-g++      -Wl,-Map,".map" -Wl,--print-output-format -v CMakeFiles/cmTC_8baec.dir/CMakeCXXCompilerABI.cpp.o  -o cmTC_8baec 
Using built-in specs.
COLLECT_GCC=/usr/bin//arm-linux-gnueabihf-g++
COLLECT_LTO_WRAPPER=/usr/lib/gcc-cross/arm-linux-gnueabihf/8/lto-wrapper
Target: arm-linux-gnueabihf
Configured with: ../src/configure -v --with-pkgversion='Debian 8.3.0-2' --with-bugurl=file:///usr/share/doc/gcc-8/README.Bugs --enable-languages=c,ada,c++,go,d,fortran,objc,obj-c++ --prefix=/usr --with-gcc-major-version-only --program-suffix=-8 --enable-shared --enable-linker-build-id --libexecdir=/usr/lib --without-included-gettext --enable-threads=posix --libdir=/usr/lib --enable-nls --with-sysroot=/ --enable-clocale=gnu --enable-libstdcxx-debug --enable-libstdcxx-time=yes --with-default-libstdcxx-abi=new --enable-gnu-unique-object --disable-libitm --disable-libquadmath --disable-libquadmath-support --enable-plugin --enable-default-pie --with-system-zlib --with-target-system-zlib --enable-multiarch --disable-sjlj-exceptions --with-arch=armv7-a --with-fpu=vfpv3-d16 --with-float=hard --with-mode=thumb --disable-werror --enable-checking=release --build=x86_64-linux-gnu --host=x86_64-linux-gnu --target=arm-linux-gnueabihf --program-prefix=arm-linux-gnueabihf- --includedir=/usr/arm-linux-gnueabihf/include
Thread model: posix
gcc version 8.3.0 (Debian 8.3.0-2) 
COMPILER_PATH=/usr/lib/gcc-cross/arm-linux-gnueabihf/8/:/usr/lib/gcc-cross/arm-linux-gnueabihf/8/:/usr/lib/gcc-cross/arm-linux-gnueabihf/:/usr/lib/gcc-cross/arm-linux-gnueabihf/8/:/usr/lib/gcc-cross/arm-linux-gnueabihf/:/usr/lib/gcc-cross/arm-linux-gnueabihf/8/../../../../arm-linux-gnueabihf/bin/
LIBRARY_PATH=/usr/lib/gcc-cross/arm-linux-gnueabihf/8/:/usr/lib/gcc-cross/arm-linux-gnueabihf/8/../../../../arm-linux-gnueabihf/lib/:/lib/arm-linux-gnueabihf/:/lib/:/usr/lib/arm-linux-gnueabihf/:/usr/lib/
COLLECT_GCC_OPTIONS='-v' '-o' 'cmTC_8baec' '-shared-libgcc'  '-mfloat-abi=hard' '-mfpu=vfpv3-d16' '-mthumb' '-mtls-dialect=gnu' '-march=armv7-a+fp'
 /usr/lib/gcc-cross/arm-linux-gnueabihf/8/collect2 -plugin /usr/lib/gcc-cross/arm-linux-gnueabihf/8/liblto_plugin.so -plugin-opt=/usr/lib/gcc-cross/arm-linux-gnueabihf/8/lto-wrapper -plugin-opt=-fresolution=/tmp/ccmVS7uf.res -plugin-opt=-pass-through=-lgcc_s -plugin-opt=-pass-through=-lgcc -plugin-opt=-pass-through=-lc -plugin-opt=-pass-through=-lgcc_s -plugin-opt=-pass-through=-lgcc --sysroot=/ --build-id --eh-frame-hdr -dynamic-linker /lib/ld-linux-armhf.so.3 -X --hash-style=gnu -m armelf_linux_eabi -pie -o cmTC_8baec /usr/lib/gcc-cross/arm-linux-gnueabihf/8/../../../../arm-linux-gnueabihf/lib/Scrt1.o /usr/lib/gcc-cross/arm-linux-gnueabihf/8/../../../../arm-linux-gnueabihf/lib/crti.o /usr/lib/gcc-cross/arm-linux-gnueabihf/8/crtbeginS.o -L/usr/lib/gcc-cross/arm-linux-gnueabihf/8 -L/usr/lib/gcc-cross/arm-linux-gnueabihf/8/../../../../arm-linux-gnueabihf/lib -L/lib/arm-linux-gnueabihf -L/usr/lib/arm-linux-gnueabihf -Map .map --print-output-format CMakeFiles/cmTC_8baec.dir/CMakeCXXCompilerABI.cpp.o -lstdc++ -lm -lgcc_s -lgcc -lc -lgcc_s -lgcc /usr/lib/gcc-cross/arm-linux-gnueabihf/8/crtendS.o /usr/lib/gcc-cross/arm-linux-gnueabihf/8/../../../../arm-linux-gnueabihf/lib/crtn.o
elf32-littlearm
COLLECT_GCC_OPTIONS='-v' '-o' 'cmTC_8baec' '-shared-libgcc'  '-mfloat-abi=hard' '-mfpu=vfpv3-d16' '-mthumb' '-mtls-dialect=gnu' '-march=armv7-a+fp'
make[1]: Leaving directory '/home/frank/eclipse-workspace/FreeRTOS_BBB/mybuild/CMakeFiles/CMakeTmp'


Parsed CXX implicit link information from above output:
  link line regex: [^( *|.*[/\])(arm-linux-gnueabihf-ld|CMAKE_LINK_STARTFILE-NOTFOUND|([^/\]+-)?ld|collect2)[^/\]*( |$)]
  ignore line: [Change Dir: /home/frank/eclipse-workspace/FreeRTOS_BBB/mybuild/CMakeFiles/CMakeTmp]
  ignore line: []
  ignore line: [Run Build Command:"/usr/bin/make" "cmTC_8baec/fast"]
  ignore line: [/usr/bin/make -f CMakeFiles/cmTC_8baec.dir/build.make CMakeFiles/cmTC_8baec.dir/build]
  ignore line: [make[1]: Entering directory '/home/frank/eclipse-workspace/FreeRTOS_BBB/mybuild/CMakeFiles/CMakeTmp']
  ignore line: [Building CXX object CMakeFiles/cmTC_8baec.dir/CMakeCXXCompilerABI.cpp.o]
  ignore line: [/usr/bin//arm-linux-gnueabihf-g++     -o CMakeFiles/cmTC_8baec.dir/CMakeCXXCompilerABI.cpp.o -c /usr/share/cmake-3.13/Modules/CMakeCXXCompilerABI.cpp]
  ignore line: [Linking CXX executable cmTC_8baec]
  ignore line: [/usr/bin/cmake -E cmake_link_script CMakeFiles/cmTC_8baec.dir/link.txt --verbose=1]
  ignore line: [/usr/bin//arm-linux-gnueabihf-g++      -Wl,-Map,".map" -Wl,--print-output-format -v CMakeFiles/cmTC_8baec.dir/CMakeCXXCompilerABI.cpp.o  -o cmTC_8baec ]
  ignore line: [Using built-in specs.]
  ignore line: [COLLECT_GCC=/usr/bin//arm-linux-gnueabihf-g++]
  ignore line: [COLLECT_LTO_WRAPPER=/usr/lib/gcc-cross/arm-linux-gnueabihf/8/lto-wrapper]
  ignore line: [Target: arm-linux-gnueabihf]
  ignore line: [Configured with: ../src/configure -v --with-pkgversion='Debian 8.3.0-2' --with-bugurl=file:///usr/share/doc/gcc-8/README.Bugs --enable-languages=c,ada,c++,go,d,fortran,objc,obj-c++ --prefix=/usr --with-gcc-major-version-only --program-suffix=-8 --enable-shared --enable-linker-build-id --libexecdir=/usr/lib --without-included-gettext --enable-threads=posix --libdir=/usr/lib --enable-nls --with-sysroot=/ --enable-clocale=gnu --enable-libstdcxx-debug --enable-libstdcxx-time=yes --with-default-libstdcxx-abi=new --enable-gnu-unique-object --disable-libitm --disable-libquadmath --disable-libquadmath-support --enable-plugin --enable-default-pie --with-system-zlib --with-target-system-zlib --enable-multiarch --disable-sjlj-exceptions --with-arch=armv7-a --with-fpu=vfpv3-d16 --with-float=hard --with-mode=thumb --disable-werror --enable-checking=release --build=x86_64-linux-gnu --host=x86_64-linux-gnu --target=arm-linux-gnueabihf --program-prefix=arm-linux-gnueabihf- --includedir=/usr/arm-linux-gnueabihf/include]
  ignore line: [Thread model: posix]
  ignore line: [gcc version 8.3.0 (Debian 8.3.0-2) ]
  ignore line: [COMPILER_PATH=/usr/lib/gcc-cross/arm-linux-gnueabihf/8/:/usr/lib/gcc-cross/arm-linux-gnueabihf/8/:/usr/lib/gcc-cross/arm-linux-gnueabihf/:/usr/lib/gcc-cross/arm-linux-gnueabihf/8/:/usr/lib/gcc-cross/arm-linux-gnueabihf/:/usr/lib/gcc-cross/arm-linux-gnueabihf/8/../../../../arm-linux-gnueabihf/bin/]
  ignore line: [LIBRARY_PATH=/usr/lib/gcc-cross/arm-linux-gnueabihf/8/:/usr/lib/gcc-cross/arm-linux-gnueabihf/8/../../../../arm-linux-gnueabihf/lib/:/lib/arm-linux-gnueabihf/:/lib/:/usr/lib/arm-linux-gnueabihf/:/usr/lib/]
  ignore line: [COLLECT_GCC_OPTIONS='-v' '-o' 'cmTC_8baec' '-shared-libgcc'  '-mfloat-abi=hard' '-mfpu=vfpv3-d16' '-mthumb' '-mtls-dialect=gnu' '-march=armv7-a+fp']
  link line: [ /usr/lib/gcc-cross/arm-linux-gnueabihf/8/collect2 -plugin /usr/lib/gcc-cross/arm-linux-gnueabihf/8/liblto_plugin.so -plugin-opt=/usr/lib/gcc-cross/arm-linux-gnueabihf/8/lto-wrapper -plugin-opt=-fresolution=/tmp/ccmVS7uf.res -plugin-opt=-pass-through=-lgcc_s -plugin-opt=-pass-through=-lgcc -plugin-opt=-pass-through=-lc -plugin-opt=-pass-through=-lgcc_s -plugin-opt=-pass-through=-lgcc --sysroot=/ --build-id --eh-frame-hdr -dynamic-linker /lib/ld-linux-armhf.so.3 -X --hash-style=gnu -m armelf_linux_eabi -pie -o cmTC_8baec /usr/lib/gcc-cross/arm-linux-gnueabihf/8/../../../../arm-linux-gnueabihf/lib/Scrt1.o /usr/lib/gcc-cross/arm-linux-gnueabihf/8/../../../../arm-linux-gnueabihf/lib/crti.o /usr/lib/gcc-cross/arm-linux-gnueabihf/8/crtbeginS.o -L/usr/lib/gcc-cross/arm-linux-gnueabihf/8 -L/usr/lib/gcc-cross/arm-linux-gnueabihf/8/../../../../arm-linux-gnueabihf/lib -L/lib/arm-linux-gnueabihf -L/usr/lib/arm-linux-gnueabihf -Map .map --print-output-format CMakeFiles/cmTC_8baec.dir/CMakeCXXCompilerABI.cpp.o -lstdc++ -lm -lgcc_s -lgcc -lc -lgcc_s -lgcc /usr/lib/gcc-cross/arm-linux-gnueabihf/8/crtendS.o /usr/lib/gcc-cross/arm-linux-gnueabihf/8/../../../../arm-linux-gnueabihf/lib/crtn.o]
    arg [/usr/lib/gcc-cross/arm-linux-gnueabihf/8/collect2] ==> ignore
    arg [-plugin] ==> ignore
    arg [/usr/lib/gcc-cross/arm-linux-gnueabihf/8/liblto_plugin.so] ==> ignore
    arg [-plugin-opt=/usr/lib/gcc-cross/arm-linux-gnueabihf/8/lto-wrapper] ==> ignore
    arg [-plugin-opt=-fresolution=/tmp/ccmVS7uf.res] ==> ignore
    arg [-plugin-opt=-pass-through=-lgcc_s] ==> ignore
    arg [-plugin-opt=-pass-through=-lgcc] ==> ignore
    arg [-plugin-opt=-pass-through=-lc] ==> ignore
    arg [-plugin-opt=-pass-through=-lgcc_s] ==> ignore
    arg [-plugin-opt=-pass-through=-lgcc] ==> ignore
    arg [--sysroot=/] ==> ignore
    arg [--build-id] ==> ignore
    arg [--eh-frame-hdr] ==> ignore
    arg [-dynamic-linker] ==> ignore
    arg [/lib/ld-linux-armhf.so.3] ==> ignore
    arg [-X] ==> ignore
    arg [--hash-style=gnu] ==> ignore
    arg [-m] ==> ignore
    arg [armelf_linux_eabi] ==> ignore
    arg [-pie] ==> ignore
    arg [-o] ==> ignore
    arg [cmTC_8baec] ==> ignore
    arg [/usr/lib/gcc-cross/arm-linux-gnueabihf/8/../../../../arm-linux-gnueabihf/lib/Scrt1.o] ==> ignore
    arg [/usr/lib/gcc-cross/arm-linux-gnueabihf/8/../../../../arm-linux-gnueabihf/lib/crti.o] ==> ignore
    arg [/usr/lib/gcc-cross/arm-linux-gnueabihf/8/crtbeginS.o] ==> ignore
    arg [-L/usr/lib/gcc-cross/arm-linux-gnueabihf/8] ==> dir [/usr/lib/gcc-cross/arm-linux-gnueabihf/8]
    arg [-L/usr/lib/gcc-cross/arm-linux-gnueabihf/8/../../../../arm-linux-gnueabihf/lib] ==> dir [/usr/lib/gcc-cross/arm-linux-gnueabihf/8/../../../../arm-linux-gnueabihf/lib]
    arg [-L/lib/arm-linux-gnueabihf] ==> dir [/lib/arm-linux-gnueabihf]
    arg [-L/usr/lib/arm-linux-gnueabihf] ==> dir [/usr/lib/arm-linux-gnueabihf]
    arg [-Map] ==> ignore
    arg [.map] ==> ignore
    arg [--print-output-format] ==> ignore
    arg [CMakeFiles/cmTC_8baec.dir/CMakeCXXCompilerABI.cpp.o] ==> ignore
    arg [-lstdc++] ==> lib [stdc++]
    arg [-lm] ==> lib [m]
    arg [-lgcc_s] ==> lib [gcc_s]
    arg [-lgcc] ==> lib [gcc]
    arg [-lc] ==> lib [c]
    arg [-lgcc_s] ==> lib [gcc_s]
    arg [-lgcc] ==> lib [gcc]
    arg [/usr/lib/gcc-cross/arm-linux-gnueabihf/8/crtendS.o] ==> ignore
    arg [/usr/lib/gcc-cross/arm-linux-gnueabihf/8/../../../../arm-linux-gnueabihf/lib/crtn.o] ==> ignore
  collapse library dir [/usr/lib/gcc-cross/arm-linux-gnueabihf/8] ==> [/usr/lib/gcc-cross/arm-linux-gnueabihf/8]
  collapse library dir [/usr/lib/gcc-cross/arm-linux-gnueabihf/8/../../../../arm-linux-gnueabihf/lib] ==> [/usr/arm-linux-gnueabihf/lib]
  collapse library dir [/lib/arm-linux-gnueabihf] ==> [/lib/arm-linux-gnueabihf]
  collapse library dir [/usr/lib/arm-linux-gnueabihf] ==> [/usr/lib/arm-linux-gnueabihf]
  implicit libs: [stdc++;m;gcc_s;gcc;c;gcc_s;gcc]
  implicit dirs: [/usr/lib/gcc-cross/arm-linux-gnueabihf/8;/usr/arm-linux-gnueabihf/lib;/lib/arm-linux-gnueabihf;/usr/lib/arm-linux-gnueabihf]
  implicit fwks: []




Detecting CXX [-std=c++2a] compiler features compiled with the following output:
Change Dir: /home/frank/eclipse-workspace/FreeRTOS_BBB/mybuild/CMakeFiles/CMakeTmp

Run Build Command:"/usr/bin/make" "cmTC_36acd/fast"
/usr/bin/make -f CMakeFiles/cmTC_36acd.dir/build.make CMakeFiles/cmTC_36acd.dir/build
make[1]: Entering directory '/home/frank/eclipse-workspace/FreeRTOS_BBB/mybuild/CMakeFiles/CMakeTmp'
Building CXX object CMakeFiles/cmTC_36acd.dir/feature_tests.cxx.o
/usr/bin//arm-linux-gnueabihf-g++    -std=c++2a -o CMakeFiles/cmTC_36acd.dir/feature_tests.cxx.o -c /home/frank/eclipse-workspace/FreeRTOS_BBB/mybuild/CMakeFiles/feature_tests.cxx
Linking CXX executable cmTC_36acd
/usr/bin/cmake -E cmake_link_script CMakeFiles/cmTC_36acd.dir/link.txt --verbose=1
/usr/bin//arm-linux-gnueabihf-g++      -Wl,-Map,".map" -Wl,--print-output-format  CMakeFiles/cmTC_36acd.dir/feature_tests.cxx.o  -o cmTC_36acd 
elf32-littlearm
make[1]: Leaving directory '/home/frank/eclipse-workspace/FreeRTOS_BBB/mybuild/CMakeFiles/CMakeTmp'


    Feature record: CXX_FEATURE:1cxx_aggregate_default_initializers
    Feature record: CXX_FEATURE:1cxx_alias_templates
    Feature record: CXX_FEATURE:1cxx_alignas
    Feature record: CXX_FEATURE:1cxx_alignof
    Feature record: CXX_FEATURE:1cxx_attributes
    Feature record: CXX_FEATURE:1cxx_attribute_deprecated
    Feature record: CXX_FEATURE:1cxx_auto_type
    Feature record: CXX_FEATURE:1cxx_binary_literals
    Feature record: CXX_FEATURE:1cxx_constexpr
    Feature record: CXX_FEATURE:1cxx_contextual_conversions
    Feature record: CXX_FEATURE:1cxx_decltype
    Feature record: CXX_FEATURE:1cxx_decltype_auto
    Feature record: CXX_FEATURE:1cxx_decltype_incomplete_return_types
    Feature record: CXX_FEATURE:1cxx_default_function_template_args
    Feature record: CXX_FEATURE:1cxx_defaulted_functions
    Feature record: CXX_FEATURE:1cxx_defaulted_move_initializers
    Feature record: CXX_FEATURE:1cxx_delegating_constructors
    Feature record: CXX_FEATURE:1cxx_deleted_functions
    Feature record: CXX_FEATURE:1cxx_digit_separators
    Feature record: CXX_FEATURE:1cxx_enum_forward_declarations
    Feature record: CXX_FEATURE:1cxx_explicit_conversions
    Feature record: CXX_FEATURE:1cxx_extended_friend_declarations
    Feature record: CXX_FEATURE:1cxx_extern_templates
    Feature record: CXX_FEATURE:1cxx_final
    Feature record: CXX_FEATURE:1cxx_func_identifier
    Feature record: CXX_FEATURE:1cxx_generalized_initializers
    Feature record: CXX_FEATURE:1cxx_generic_lambdas
    Feature record: CXX_FEATURE:1cxx_inheriting_constructors
    Feature record: CXX_FEATURE:1cxx_inline_namespaces
    Feature record: CXX_FEATURE:1cxx_lambdas
    Feature record: CXX_FEATURE:1cxx_lambda_init_captures
    Feature record: CXX_FEATURE:1cxx_local_type_template_args
    Feature record: CXX_FEATURE:1cxx_long_long_type
    Feature record: CXX_FEATURE:1cxx_noexcept
    Feature record: CXX_FEATURE:1cxx_nonstatic_member_init
    Feature record: CXX_FEATURE:1cxx_nullptr
    Feature record: CXX_FEATURE:1cxx_override
    Feature record: CXX_FEATURE:1cxx_range_for
    Feature record: CXX_FEATURE:1cxx_raw_string_literals
    Feature record: CXX_FEATURE:1cxx_reference_qualified_functions
    Feature record: CXX_FEATURE:1cxx_relaxed_constexpr
    Feature record: CXX_FEATURE:1cxx_return_type_deduction
    Feature record: CXX_FEATURE:1cxx_right_angle_brackets
    Feature record: CXX_FEATURE:1cxx_rvalue_references
    Feature record: CXX_FEATURE:1cxx_sizeof_member
    Feature record: CXX_FEATURE:1cxx_static_assert
    Feature record: CXX_FEATURE:1cxx_strong_enums
    Feature record: CXX_FEATURE:1cxx_template_template_parameters
    Feature record: CXX_FEATURE:1cxx_thread_local
    Feature record: CXX_FEATURE:1cxx_trailing_return_types
    Feature record: CXX_FEATURE:1cxx_unicode_literals
    Feature record: CXX_FEATURE:1cxx_uniform_initialization
    Feature record: CXX_FEATURE:1cxx_unrestricted_unions
    Feature record: CXX_FEATURE:1cxx_user_literals
    Feature record: CXX_FEATURE:1cxx_variable_templates
    Feature record: CXX_FEATURE:1cxx_variadic_macros
    Feature record: CXX_FEATURE:1cxx_variadic_templates


Detecting CXX [-std=c++17] compiler features compiled with the following output:
Change Dir: /home/frank/eclipse-workspace/FreeRTOS_BBB/mybuild/CMakeFiles/CMakeTmp

Run Build Command:"/usr/bin/make" "cmTC_a5d9a/fast"
/usr/bin/make -f CMakeFiles/cmTC_a5d9a.dir/build.make CMakeFiles/cmTC_a5d9a.dir/build
make[1]: Entering directory '/home/frank/eclipse-workspace/FreeRTOS_BBB/mybuild/CMakeFiles/CMakeTmp'
Building CXX object CMakeFiles/cmTC_a5d9a.dir/feature_tests.cxx.o
/usr/bin//arm-linux-gnueabihf-g++    -std=c++17 -o CMakeFiles/cmTC_a5d9a.dir/feature_tests.cxx.o -c /home/frank/eclipse-workspace/FreeRTOS_BBB/mybuild/CMakeFiles/feature_tests.cxx
Linking CXX executable cmTC_a5d9a
/usr/bin/cmake -E cmake_link_script CMakeFiles/cmTC_a5d9a.dir/link.txt --verbose=1
/usr/bin//arm-linux-gnueabihf-g++      -Wl,-Map,".map" -Wl,--print-output-format  CMakeFiles/cmTC_a5d9a.dir/feature_tests.cxx.o  -o cmTC_a5d9a 
elf32-littlearm
make[1]: Leaving directory '/home/frank/eclipse-workspace/FreeRTOS_BBB/mybuild/CMakeFiles/CMakeTmp'


    Feature record: CXX_FEATURE:1cxx_aggregate_default_initializers
    Feature record: CXX_FEATURE:1cxx_alias_templates
    Feature record: CXX_FEATURE:1cxx_alignas
    Feature record: CXX_FEATURE:1cxx_alignof
    Feature record: CXX_FEATURE:1cxx_attributes
    Feature record: CXX_FEATURE:1cxx_attribute_deprecated
    Feature record: CXX_FEATURE:1cxx_auto_type
    Feature record: CXX_FEATURE:1cxx_binary_literals
    Feature record: CXX_FEATURE:1cxx_constexpr
    Feature record: CXX_FEATURE:1cxx_contextual_conversions
    Feature record: CXX_FEATURE:1cxx_decltype
    Feature record: CXX_FEATURE:1cxx_decltype_auto
    Feature record: CXX_FEATURE:1cxx_decltype_incomplete_return_types
    Feature record: CXX_FEATURE:1cxx_default_function_template_args
    Feature record: CXX_FEATURE:1cxx_defaulted_functions
    Feature record: CXX_FEATURE:1cxx_defaulted_move_initializers
    Feature record: CXX_FEATURE:1cxx_delegating_constructors
    Feature record: CXX_FEATURE:1cxx_deleted_functions
    Feature record: CXX_FEATURE:1cxx_digit_separators
    Feature record: CXX_FEATURE:1cxx_enum_forward_declarations
    Feature record: CXX_FEATURE:1cxx_explicit_conversions
    Feature record: CXX_FEATURE:1cxx_extended_friend_declarations
    Feature record: CXX_FEATURE:1cxx_extern_templates
    Feature record: CXX_FEATURE:1cxx_final
    Feature record: CXX_FEATURE:1cxx_func_identifier
    Feature record: CXX_FEATURE:1cxx_generalized_initializers
    Feature record: CXX_FEATURE:1cxx_generic_lambdas
    Feature record: CXX_FEATURE:1cxx_inheriting_constructors
    Feature record: CXX_FEATURE:1cxx_inline_namespaces
    Feature record: CXX_FEATURE:1cxx_lambdas
    Feature record: CXX_FEATURE:1cxx_lambda_init_captures
    Feature record: CXX_FEATURE:1cxx_local_type_template_args
    Feature record: CXX_FEATURE:1cxx_long_long_type
    Feature record: CXX_FEATURE:1cxx_noexcept
    Feature record: CXX_FEATURE:1cxx_nonstatic_member_init
    Feature record: CXX_FEATURE:1cxx_nullptr
    Feature record: CXX_FEATURE:1cxx_override
    Feature record: CXX_FEATURE:1cxx_range_for
    Feature record: CXX_FEATURE:1cxx_raw_string_literals
    Feature record: CXX_FEATURE:1cxx_reference_qualified_functions
    Feature record: CXX_FEATURE:1cxx_relaxed_constexpr
    Feature record: CXX_FEATURE:1cxx_return_type_deduction
    Feature record: CXX_FEATURE:1cxx_right_angle_brackets
    Feature record: CXX_FEATURE:1cxx_rvalue_references
    Feature record: CXX_FEATURE:1cxx_sizeof_member
    Feature record: CXX_FEATURE:1cxx_static_assert
    Feature record: CXX_FEATURE:1cxx_strong_enums
    Feature record: CXX_FEATURE:1cxx_template_template_parameters
    Feature record: CXX_FEATURE:1cxx_thread_local
    Feature record: CXX_FEATURE:1cxx_trailing_return_types
    Feature record: CXX_FEATURE:1cxx_unicode_literals
    Feature record: CXX_FEATURE:1cxx_uniform_initialization
    Feature record: CXX_FEATURE:1cxx_unrestricted_unions
    Feature record: CXX_FEATURE:1cxx_user_literals
    Feature record: CXX_FEATURE:1cxx_variable_templates
    Feature record: CXX_FEATURE:1cxx_variadic_macros
    Feature record: CXX_FEATURE:1cxx_variadic_templates


Detecting CXX [-std=c++14] compiler features compiled with the following output:
Change Dir: /home/frank/eclipse-workspace/FreeRTOS_BBB/mybuild/CMakeFiles/CMakeTmp

Run Build Command:"/usr/bin/make" "cmTC_2c368/fast"
/usr/bin/make -f CMakeFiles/cmTC_2c368.dir/build.make CMakeFiles/cmTC_2c368.dir/build
make[1]: Entering directory '/home/frank/eclipse-workspace/FreeRTOS_BBB/mybuild/CMakeFiles/CMakeTmp'
Building CXX object CMakeFiles/cmTC_2c368.dir/feature_tests.cxx.o
/usr/bin//arm-linux-gnueabihf-g++    -std=c++14 -o CMakeFiles/cmTC_2c368.dir/feature_tests.cxx.o -c /home/frank/eclipse-workspace/FreeRTOS_BBB/mybuild/CMakeFiles/feature_tests.cxx
Linking CXX executable cmTC_2c368
/usr/bin/cmake -E cmake_link_script CMakeFiles/cmTC_2c368.dir/link.txt --verbose=1
/usr/bin//arm-linux-gnueabihf-g++      -Wl,-Map,".map" -Wl,--print-output-format  CMakeFiles/cmTC_2c368.dir/feature_tests.cxx.o  -o cmTC_2c368 
elf32-littlearm
make[1]: Leaving directory '/home/frank/eclipse-workspace/FreeRTOS_BBB/mybuild/CMakeFiles/CMakeTmp'


    Feature record: CXX_FEATURE:1cxx_aggregate_default_initializers
    Feature record: CXX_FEATURE:1cxx_alias_templates
    Feature record: CXX_FEATURE:1cxx_alignas
    Feature record: CXX_FEATURE:1cxx_alignof
    Feature record: CXX_FEATURE:1cxx_attributes
    Feature record: CXX_FEATURE:1cxx_attribute_deprecated
    Feature record: CXX_FEATURE:1cxx_auto_type
    Feature record: CXX_FEATURE:1cxx_binary_literals
    Feature record: CXX_FEATURE:1cxx_constexpr
    Feature record: CXX_FEATURE:1cxx_contextual_conversions
    Feature record: CXX_FEATURE:1cxx_decltype
    Feature record: CXX_FEATURE:1cxx_decltype_auto
    Feature record: CXX_FEATURE:1cxx_decltype_incomplete_return_types
    Feature record: CXX_FEATURE:1cxx_default_function_template_args
    Feature record: CXX_FEATURE:1cxx_defaulted_functions
    Feature record: CXX_FEATURE:1cxx_defaulted_move_initializers
    Feature record: CXX_FEATURE:1cxx_delegating_constructors
    Feature record: CXX_FEATURE:1cxx_deleted_functions
    Feature record: CXX_FEATURE:1cxx_digit_separators
    Feature record: CXX_FEATURE:1cxx_enum_forward_declarations
    Feature record: CXX_FEATURE:1cxx_explicit_conversions
    Feature record: CXX_FEATURE:1cxx_extended_friend_declarations
    Feature record: CXX_FEATURE:1cxx_extern_templates
    Feature record: CXX_FEATURE:1cxx_final
    Feature record: CXX_FEATURE:1cxx_func_identifier
    Feature record: CXX_FEATURE:1cxx_generalized_initializers
    Feature record: CXX_FEATURE:1cxx_generic_lambdas
    Feature record: CXX_FEATURE:1cxx_inheriting_constructors
    Feature record: CXX_FEATURE:1cxx_inline_namespaces
    Feature record: CXX_FEATURE:1cxx_lambdas
    Feature record: CXX_FEATURE:1cxx_lambda_init_captures
    Feature record: CXX_FEATURE:1cxx_local_type_template_args
    Feature record: CXX_FEATURE:1cxx_long_long_type
    Feature record: CXX_FEATURE:1cxx_noexcept
    Feature record: CXX_FEATURE:1cxx_nonstatic_member_init
    Feature record: CXX_FEATURE:1cxx_nullptr
    Feature record: CXX_FEATURE:1cxx_override
    Feature record: CXX_FEATURE:1cxx_range_for
    Feature record: CXX_FEATURE:1cxx_raw_string_literals
    Feature record: CXX_FEATURE:1cxx_reference_qualified_functions
    Feature record: CXX_FEATURE:1cxx_relaxed_constexpr
    Feature record: CXX_FEATURE:1cxx_return_type_deduction
    Feature record: CXX_FEATURE:1cxx_right_angle_brackets
    Feature record: CXX_FEATURE:1cxx_rvalue_references
    Feature record: CXX_FEATURE:1cxx_sizeof_member
    Feature record: CXX_FEATURE:1cxx_static_assert
    Feature record: CXX_FEATURE:1cxx_strong_enums
    Feature record: CXX_FEATURE:1cxx_template_template_parameters
    Feature record: CXX_FEATURE:1cxx_thread_local
    Feature record: CXX_FEATURE:1cxx_trailing_return_types
    Feature record: CXX_FEATURE:1cxx_unicode_literals
    Feature record: CXX_FEATURE:1cxx_uniform_initialization
    Feature record: CXX_FEATURE:1cxx_unrestricted_unions
    Feature record: CXX_FEATURE:1cxx_user_literals
    Feature record: CXX_FEATURE:1cxx_variable_templates
    Feature record: CXX_FEATURE:1cxx_variadic_macros
    Feature record: CXX_FEATURE:1cxx_variadic_templates


Detecting CXX [-std=c++11] compiler features compiled with the following output:
Change Dir: /home/frank/eclipse-workspace/FreeRTOS_BBB/mybuild/CMakeFiles/CMakeTmp

Run Build Command:"/usr/bin/make" "cmTC_2d53a/fast"
/usr/bin/make -f CMakeFiles/cmTC_2d53a.dir/build.make CMakeFiles/cmTC_2d53a.dir/build
make[1]: Entering directory '/home/frank/eclipse-workspace/FreeRTOS_BBB/mybuild/CMakeFiles/CMakeTmp'
Building CXX object CMakeFiles/cmTC_2d53a.dir/feature_tests.cxx.o
/usr/bin//arm-linux-gnueabihf-g++    -std=c++11 -o CMakeFiles/cmTC_2d53a.dir/feature_tests.cxx.o -c /home/frank/eclipse-workspace/FreeRTOS_BBB/mybuild/CMakeFiles/feature_tests.cxx
Linking CXX executable cmTC_2d53a
/usr/bin/cmake -E cmake_link_script CMakeFiles/cmTC_2d53a.dir/link.txt --verbose=1
/usr/bin//arm-linux-gnueabihf-g++      -Wl,-Map,".map" -Wl,--print-output-format  CMakeFiles/cmTC_2d53a.dir/feature_tests.cxx.o  -o cmTC_2d53a 
elf32-littlearm
make[1]: Leaving directory '/home/frank/eclipse-workspace/FreeRTOS_BBB/mybuild/CMakeFiles/CMakeTmp'


    Feature record: CXX_FEATURE:0cxx_aggregate_default_initializers
    Feature record: CXX_FEATURE:1cxx_alias_templates
    Feature record: CXX_FEATURE:1cxx_alignas
    Feature record: CXX_FEATURE:1cxx_alignof
    Feature record: CXX_FEATURE:1cxx_attributes
    Feature record: CXX_FEATURE:0cxx_attribute_deprecated
    Feature record: CXX_FEATURE:1cxx_auto_type
    Feature record: CXX_FEATURE:0cxx_binary_literals
    Feature record: CXX_FEATURE:1cxx_constexpr
    Feature record: CXX_FEATURE:0cxx_contextual_conversions
    Feature record: CXX_FEATURE:1cxx_decltype
    Feature record: CXX_FEATURE:0cxx_decltype_auto
    Feature record: CXX_FEATURE:1cxx_decltype_incomplete_return_types
    Feature record: CXX_FEATURE:1cxx_default_function_template_args
    Feature record: CXX_FEATURE:1cxx_defaulted_functions
    Feature record: CXX_FEATURE:1cxx_defaulted_move_initializers
    Feature record: CXX_FEATURE:1cxx_delegating_constructors
    Feature record: CXX_FEATURE:1cxx_deleted_functions
    Feature record: CXX_FEATURE:0cxx_digit_separators
    Feature record: CXX_FEATURE:1cxx_enum_forward_declarations
    Feature record: CXX_FEATURE:1cxx_explicit_conversions
    Feature record: CXX_FEATURE:1cxx_extended_friend_declarations
    Feature record: CXX_FEATURE:1cxx_extern_templates
    Feature record: CXX_FEATURE:1cxx_final
    Feature record: CXX_FEATURE:1cxx_func_identifier
    Feature record: CXX_FEATURE:1cxx_generalized_initializers
    Feature record: CXX_FEATURE:0cxx_generic_lambdas
    Feature record: CXX_FEATURE:1cxx_inheriting_constructors
    Feature record: CXX_FEATURE:1cxx_inline_namespaces
    Feature record: CXX_FEATURE:1cxx_lambdas
    Feature record: CXX_FEATURE:0cxx_lambda_init_captures
    Feature record: CXX_FEATURE:1cxx_local_type_template_args
    Feature record: CXX_FEATURE:1cxx_long_long_type
    Feature record: CXX_FEATURE:1cxx_noexcept
    Feature record: CXX_FEATURE:1cxx_nonstatic_member_init
    Feature record: CXX_FEATURE:1cxx_nullptr
    Feature record: CXX_FEATURE:1cxx_override
    Feature record: CXX_FEATURE:1cxx_range_for
    Feature record: CXX_FEATURE:1cxx_raw_string_literals
    Feature record: CXX_FEATURE:1cxx_reference_qualified_functions
    Feature record: CXX_FEATURE:0cxx_relaxed_constexpr
    Feature record: CXX_FEATURE:0cxx_return_type_deduction
    Feature record: CXX_FEATURE:1cxx_right_angle_brackets
    Feature record: CXX_FEATURE:1cxx_rvalue_references
    Feature record: CXX_FEATURE:1cxx_sizeof_member
    Feature record: CXX_FEATURE:1cxx_static_assert
    Feature record: CXX_FEATURE:1cxx_strong_enums
    Feature record: CXX_FEATURE:1cxx_template_template_parameters
    Feature record: CXX_FEATURE:1cxx_thread_local
    Feature record: CXX_FEATURE:1cxx_trailing_return_types
    Feature record: CXX_FEATURE:1cxx_unicode_literals
    Feature record: CXX_FEATURE:1cxx_uniform_initialization
    Feature record: CXX_FEATURE:1cxx_unrestricted_unions
    Feature record: CXX_FEATURE:1cxx_user_literals
    Feature record: CXX_FEATURE:0cxx_variable_templates
    Feature record: CXX_FEATURE:1cxx_variadic_macros
    Feature record: CXX_FEATURE:1cxx_variadic_templates


Detecting CXX [-std=c++98] compiler features compiled with the following output:
Change Dir: /home/frank/eclipse-workspace/FreeRTOS_BBB/mybuild/CMakeFiles/CMakeTmp

Run Build Command:"/usr/bin/make" "cmTC_8b66d/fast"
/usr/bin/make -f CMakeFiles/cmTC_8b66d.dir/build.make CMakeFiles/cmTC_8b66d.dir/build
make[1]: Entering directory '/home/frank/eclipse-workspace/FreeRTOS_BBB/mybuild/CMakeFiles/CMakeTmp'
Building CXX object CMakeFiles/cmTC_8b66d.dir/feature_tests.cxx.o
/usr/bin//arm-linux-gnueabihf-g++    -std=c++98 -o CMakeFiles/cmTC_8b66d.dir/feature_tests.cxx.o -c /home/frank/eclipse-workspace/FreeRTOS_BBB/mybuild/CMakeFiles/feature_tests.cxx
Linking CXX executable cmTC_8b66d
/usr/bin/cmake -E cmake_link_script CMakeFiles/cmTC_8b66d.dir/link.txt --verbose=1
/usr/bin//arm-linux-gnueabihf-g++      -Wl,-Map,".map" -Wl,--print-output-format  CMakeFiles/cmTC_8b66d.dir/feature_tests.cxx.o  -o cmTC_8b66d 
elf32-littlearm
make[1]: Leaving directory '/home/frank/eclipse-workspace/FreeRTOS_BBB/mybuild/CMakeFiles/CMakeTmp'


    Feature record: CXX_FEATURE:0cxx_aggregate_default_initializers
    Feature record: CXX_FEATURE:0cxx_alias_templates
    Feature record: CXX_FEATURE:0cxx_alignas
    Feature record: CXX_FEATURE:0cxx_alignof
    Feature record: CXX_FEATURE:0cxx_attributes
    Feature record: CXX_FEATURE:0cxx_attribute_deprecated
    Feature record: CXX_FEATURE:0cxx_auto_type
    Feature record: CXX_FEATURE:0cxx_binary_literals
    Feature record: CXX_FEATURE:0cxx_constexpr
    Feature record: CXX_FEATURE:0cxx_contextual_conversions
    Feature record: CXX_FEATURE:0cxx_decltype
    Feature record: CXX_FEATURE:0cxx_decltype_auto
    Feature record: CXX_FEATURE:0cxx_decltype_incomplete_return_types
    Feature record: CXX_FEATURE:0cxx_default_function_template_args
    Feature record: CXX_FEATURE:0cxx_defaulted_functions
    Feature record: CXX_FEATURE:0cxx_defaulted_move_initializers
    Feature record: CXX_FEATURE:0cxx_delegating_constructors
    Feature record: CXX_FEATURE:0cxx_deleted_functions
    Feature record: CXX_FEATURE:0cxx_digit_separators
    Feature record: CXX_FEATURE:0cxx_enum_forward_declarations
    Feature record: CXX_FEATURE:0cxx_explicit_conversions
    Feature record: CXX_FEATURE:0cxx_extended_friend_declarations
    Feature record: CXX_FEATURE:0cxx_extern_templates
    Feature record: CXX_FEATURE:0cxx_final
    Feature record: CXX_FEATURE:0cxx_func_identifier
    Feature record: CXX_FEATURE:0cxx_generalized_initializers
    Feature record: CXX_FEATURE:0cxx_generic_lambdas
    Feature record: CXX_FEATURE:0cxx_inheriting_constructors
    Feature record: CXX_FEATURE:0cxx_inline_namespaces
    Feature record: CXX_FEATURE:0cxx_lambdas
    Feature record: CXX_FEATURE:0cxx_lambda_init_captures
    Feature record: CXX_FEATURE:0cxx_local_type_template_args
    Feature record: CXX_FEATURE:0cxx_long_long_type
    Feature record: CXX_FEATURE:0cxx_noexcept
    Feature record: CXX_FEATURE:0cxx_nonstatic_member_init
    Feature record: CXX_FEATURE:0cxx_nullptr
    Feature record: CXX_FEATURE:0cxx_override
    Feature record: CXX_FEATURE:0cxx_range_for
    Feature record: CXX_FEATURE:0cxx_raw_string_literals
    Feature record: CXX_FEATURE:0cxx_reference_qualified_functions
    Feature record: CXX_FEATURE:0cxx_relaxed_constexpr
    Feature record: CXX_FEATURE:0cxx_return_type_deduction
    Feature record: CXX_FEATURE:0cxx_right_angle_brackets
    Feature record: CXX_FEATURE:0cxx_rvalue_references
    Feature record: CXX_FEATURE:0cxx_sizeof_member
    Feature record: CXX_FEATURE:0cxx_static_assert
    Feature record: CXX_FEATURE:0cxx_strong_enums
    Feature record: CXX_FEATURE:1cxx_template_template_parameters
    Feature record: CXX_FEATURE:0cxx_thread_local
    Feature record: CXX_FEATURE:0cxx_trailing_return_types
    Feature record: CXX_FEATURE:0cxx_unicode_literals
    Feature record: CXX_FEATURE:0cxx_uniform_initialization
    Feature record: CXX_FEATURE:0cxx_unrestricted_unions
    Feature record: CXX_FEATURE:0cxx_user_literals
    Feature record: CXX_FEATURE:0cxx_variable_templates
    Feature record: CXX_FEATURE:0cxx_variadic_macros
    Feature record: CXX_FEATURE:0cxx_variadic_templates
